\BOOKMARK [1][-]{section*.1}{\376\377\000S\000y\000n\000o\000p\000s\000i\000s}{}% 1
\BOOKMARK [1][-]{section*.2}{\376\377\000D\000e\000s\000c\000r\000i\000p\000t\000i\000o\000n}{}% 2
\BOOKMARK [2][-]{section*.3}{\376\377\000U\000s\000i\000n\000g\000\040\000p\000a\000n\000d\000o\000c}{section*.2}% 3
\BOOKMARK [2][-]{section*.4}{\376\377\000C\000r\000e\000a\000t\000i\000n\000g\000\040\000a\000\040\000P\000D\000F}{section*.2}% 4
\BOOKMARK [2][-]{section*.5}{\376\377\000h\000s\000m\000a\000r\000k\000d\000o\000w\000n}{section*.2}% 5
\BOOKMARK [1][-]{section*.6}{\376\377\000O\000p\000t\000i\000o\000n\000s}{}% 6
\BOOKMARK [2][-]{section*.7}{\376\377\000G\000e\000n\000e\000r\000a\000l\000\040\000o\000p\000t\000i\000o\000n\000s}{section*.6}% 7
\BOOKMARK [2][-]{section*.8}{\376\377\000R\000e\000a\000d\000e\000r\000\040\000o\000p\000t\000i\000o\000n\000s}{section*.6}% 8
\BOOKMARK [2][-]{section*.9}{\376\377\000G\000e\000n\000e\000r\000a\000l\000\040\000w\000r\000i\000t\000e\000r\000\040\000o\000p\000t\000i\000o\000n\000s}{section*.6}% 9
\BOOKMARK [2][-]{section*.10}{\376\377\000O\000p\000t\000i\000o\000n\000s\000\040\000a\000f\000f\000e\000c\000t\000i\000n\000g\000\040\000s\000p\000e\000c\000i\000f\000i\000c\000\040\000w\000r\000i\000t\000e\000r\000s}{section*.6}% 10
\BOOKMARK [2][-]{section*.11}{\376\377\000C\000i\000t\000a\000t\000i\000o\000n\000\040\000r\000e\000n\000d\000e\000r\000i\000n\000g}{section*.6}% 11
\BOOKMARK [2][-]{section*.12}{\376\377\000M\000a\000t\000h\000\040\000r\000e\000n\000d\000e\000r\000i\000n\000g\000\040\000i\000n\000\040\000H\000T\000M\000L}{section*.6}% 12
\BOOKMARK [2][-]{section*.13}{\376\377\000O\000p\000t\000i\000o\000n\000s\000\040\000f\000o\000r\000\040\000w\000r\000a\000p\000p\000e\000r\000\040\000s\000c\000r\000i\000p\000t\000s}{section*.6}% 13
\BOOKMARK [1][-]{section*.14}{\376\377\000T\000e\000m\000p\000l\000a\000t\000e\000s}{}% 14
\BOOKMARK [1][-]{section*.15}{\376\377\000P\000a\000n\000d\000o\000c\000'\000s\000\040\000m\000a\000r\000k\000d\000o\000w\000n}{}% 15
\BOOKMARK [2][-]{section*.16}{\376\377\000P\000h\000i\000l\000o\000s\000o\000p\000h\000y}{section*.15}% 16
\BOOKMARK [2][-]{section*.17}{\376\377\000P\000a\000r\000a\000g\000r\000a\000p\000h\000s}{section*.15}% 17
\BOOKMARK [2][-]{section*.18}{\376\377\000H\000e\000a\000d\000e\000r\000s}{section*.15}% 18
\BOOKMARK [3][-]{section*.19}{\376\377\000S\000e\000t\000e\000x\000t\000-\000s\000t\000y\000l\000e\000\040\000h\000e\000a\000d\000e\000r\000s}{section*.18}% 19
\BOOKMARK [3][-]{section*.20}{\376\377\000A\000t\000x\000-\000s\000t\000y\000l\000e\000\040\000h\000e\000a\000d\000e\000r\000s}{section*.18}% 20
\BOOKMARK [3][-]{section*.21}{\376\377\000H\000e\000a\000d\000e\000r\000\040\000i\000d\000e\000n\000t\000i\000f\000i\000e\000r\000s\000\040\000i\000n\000\040\000H\000T\000M\000L\000,\000\040\000L\000a\000T\000e\000X\000,\000\040\000a\000n\000d\000\040\000C\000o\000n\000T\000e\000X\000t}{section*.18}% 21
\BOOKMARK [2][-]{section*.22}{\376\377\000B\000l\000o\000c\000k\000\040\000q\000u\000o\000t\000a\000t\000i\000o\000n\000s}{section*.15}% 22
\BOOKMARK [2][-]{section*.23}{\376\377\000V\000e\000r\000b\000a\000t\000i\000m\000\040\000\050\000c\000o\000d\000e\000\051\000\040\000b\000l\000o\000c\000k\000s}{section*.15}% 23
\BOOKMARK [3][-]{section*.24}{\376\377\000I\000n\000d\000e\000n\000t\000e\000d\000\040\000c\000o\000d\000e\000\040\000b\000l\000o\000c\000k\000s}{section*.23}% 24
\BOOKMARK [3][-]{section*.25}{\376\377\000F\000e\000n\000c\000e\000d\000\040\000c\000o\000d\000e\000\040\000b\000l\000o\000c\000k\000s}{section*.23}% 25
\BOOKMARK [2][-]{section*.26}{\376\377\000L\000i\000n\000e\000\040\000b\000l\000o\000c\000k\000s}{section*.15}% 26
\BOOKMARK [2][-]{section*.27}{\376\377\000L\000i\000s\000t\000s}{section*.15}% 27
\BOOKMARK [3][-]{section*.28}{\376\377\000B\000u\000l\000l\000e\000t\000\040\000l\000i\000s\000t\000s}{section*.27}% 28
\BOOKMARK [3][-]{section*.29}{\376\377\000T\000h\000e\000\040\000f\000o\000u\000r\000-\000s\000p\000a\000c\000e\000\040\000r\000u\000l\000e}{section*.27}% 29
\BOOKMARK [3][-]{section*.30}{\376\377\000O\000r\000d\000e\000r\000e\000d\000\040\000l\000i\000s\000t\000s}{section*.27}% 30
\BOOKMARK [3][-]{section*.31}{\376\377\000D\000e\000f\000i\000n\000i\000t\000i\000o\000n\000\040\000l\000i\000s\000t\000s}{section*.27}% 31
\BOOKMARK [3][-]{section*.32}{\376\377\000N\000u\000m\000b\000e\000r\000e\000d\000\040\000e\000x\000a\000m\000p\000l\000e\000\040\000l\000i\000s\000t\000s}{section*.27}% 32
\BOOKMARK [3][-]{section*.33}{\376\377\000C\000o\000m\000p\000a\000c\000t\000\040\000a\000n\000d\000\040\000l\000o\000o\000s\000e\000\040\000l\000i\000s\000t\000s}{section*.27}% 33
\BOOKMARK [3][-]{section*.34}{\376\377\000E\000n\000d\000i\000n\000g\000\040\000a\000\040\000l\000i\000s\000t}{section*.27}% 34
\BOOKMARK [2][-]{section*.35}{\376\377\000H\000o\000r\000i\000z\000o\000n\000t\000a\000l\000\040\000r\000u\000l\000e\000s}{section*.15}% 35
\BOOKMARK [2][-]{section*.36}{\376\377\000T\000a\000b\000l\000e\000s}{section*.15}% 36
\BOOKMARK [3][-]{section*.37}{\376\377\000S\000i\000m\000p\000l\000e\000\040\000t\000a\000b\000l\000e\000s}{section*.36}% 37
\BOOKMARK [3][-]{section*.38}{\376\377\000M\000u\000l\000t\000i\000l\000i\000n\000e\000\040\000t\000a\000b\000l\000e\000s}{section*.36}% 38
\BOOKMARK [3][-]{section*.39}{\376\377\000G\000r\000i\000d\000\040\000t\000a\000b\000l\000e\000s}{section*.36}% 39
\BOOKMARK [3][-]{section*.40}{\376\377\000P\000i\000p\000e\000\040\000t\000a\000b\000l\000e\000s}{section*.36}% 40
\BOOKMARK [2][-]{section*.41}{\376\377\000T\000i\000t\000l\000e\000\040\000b\000l\000o\000c\000k}{section*.15}% 41
\BOOKMARK [2][-]{section*.42}{\376\377\000Y\000A\000M\000L\000\040\000m\000e\000t\000a\000d\000a\000t\000a\000\040\000b\000l\000o\000c\000k}{section*.15}% 42
\BOOKMARK [2][-]{section*.43}{\376\377\000B\000a\000c\000k\000s\000l\000a\000s\000h\000\040\000e\000s\000c\000a\000p\000e\000s}{section*.15}% 43
\BOOKMARK [2][-]{section*.44}{\376\377\000S\000m\000a\000r\000t\000\040\000p\000u\000n\000c\000t\000u\000a\000t\000i\000o\000n}{section*.15}% 44
\BOOKMARK [2][-]{section*.45}{\376\377\000I\000n\000l\000i\000n\000e\000\040\000f\000o\000r\000m\000a\000t\000t\000i\000n\000g}{section*.15}% 45
\BOOKMARK [3][-]{section*.46}{\376\377\000E\000m\000p\000h\000a\000s\000i\000s}{section*.45}% 46
\BOOKMARK [3][-]{section*.47}{\376\377\000S\000t\000r\000i\000k\000e\000o\000u\000t}{section*.45}% 47
\BOOKMARK [3][-]{section*.48}{\376\377\000S\000u\000p\000e\000r\000s\000c\000r\000i\000p\000t\000s\000\040\000a\000n\000d\000\040\000s\000u\000b\000s\000c\000r\000i\000p\000t\000s}{section*.45}% 48
\BOOKMARK [3][-]{section*.49}{\376\377\000V\000e\000r\000b\000a\000t\000i\000m}{section*.45}% 49
\BOOKMARK [2][-]{section*.50}{\376\377\000M\000a\000t\000h}{section*.15}% 50
\BOOKMARK [2][-]{section*.51}{\376\377\000R\000a\000w\000\040\000H\000T\000M\000L}{section*.15}% 51
\BOOKMARK [2][-]{section*.52}{\376\377\000R\000a\000w\000\040\000T\000e\000X}{section*.15}% 52
\BOOKMARK [2][-]{section*.53}{\376\377\000L\000a\000T\000e\000X\000\040\000m\000a\000c\000r\000o\000s}{section*.15}% 53
\BOOKMARK [2][-]{section*.54}{\376\377\000L\000i\000n\000k\000s}{section*.15}% 54
\BOOKMARK [3][-]{section*.55}{\376\377\000A\000u\000t\000o\000m\000a\000t\000i\000c\000\040\000l\000i\000n\000k\000s}{section*.54}% 55
\BOOKMARK [3][-]{section*.56}{\376\377\000I\000n\000l\000i\000n\000e\000\040\000l\000i\000n\000k\000s}{section*.54}% 56
\BOOKMARK [3][-]{section*.57}{\376\377\000R\000e\000f\000e\000r\000e\000n\000c\000e\000\040\000l\000i\000n\000k\000s}{section*.54}% 57
\BOOKMARK [3][-]{section*.58}{\376\377\000I\000n\000t\000e\000r\000n\000a\000l\000\040\000l\000i\000n\000k\000s}{section*.54}% 58
\BOOKMARK [2][-]{section*.59}{\376\377\000I\000m\000a\000g\000e\000s}{section*.15}% 59
\BOOKMARK [3][-]{section*.60}{\376\377\000P\000i\000c\000t\000u\000r\000e\000s\000\040\000w\000i\000t\000h\000\040\000c\000a\000p\000t\000i\000o\000n\000s}{section*.59}% 60
\BOOKMARK [2][-]{section*.61}{\376\377\000F\000o\000o\000t\000n\000o\000t\000e\000s}{section*.15}% 61
\BOOKMARK [2][-]{section*.62}{\376\377\000C\000i\000t\000a\000t\000i\000o\000n\000s}{section*.15}% 62
\BOOKMARK [2][-]{section*.63}{\376\377\000N\000o\000n\000-\000p\000a\000n\000d\000o\000c\000\040\000e\000x\000t\000e\000n\000s\000i\000o\000n\000s}{section*.15}% 63
\BOOKMARK [2][-]{section*.64}{\376\377\000M\000a\000r\000k\000d\000o\000w\000n\000\040\000v\000a\000r\000i\000a\000n\000t\000s}{section*.15}% 64
\BOOKMARK [2][-]{section*.65}{\376\377\000E\000x\000t\000e\000n\000s\000i\000o\000n\000s\000\040\000w\000i\000t\000h\000\040\000f\000o\000r\000m\000a\000t\000s\000\040\000o\000t\000h\000e\000r\000\040\000t\000h\000a\000n\000\040\000m\000a\000r\000k\000d\000o\000w\000n}{section*.15}% 65
\BOOKMARK [1][-]{section*.66}{\376\377\000P\000r\000o\000d\000u\000c\000i\000n\000g\000\040\000s\000l\000i\000d\000e\000\040\000s\000h\000o\000w\000s\000\040\000w\000i\000t\000h\000\040\000P\000a\000n\000d\000o\000c}{}% 66
\BOOKMARK [2][-]{section*.67}{\376\377\000S\000t\000r\000u\000c\000t\000u\000r\000i\000n\000g\000\040\000t\000h\000e\000\040\000s\000l\000i\000d\000e\000\040\000s\000h\000o\000w}{section*.66}% 67
\BOOKMARK [2][-]{section*.68}{\376\377\000I\000n\000c\000r\000e\000m\000e\000n\000t\000a\000l\000\040\000l\000i\000s\000t\000s}{section*.66}% 68
\BOOKMARK [2][-]{section*.69}{\376\377\000I\000n\000s\000e\000r\000t\000i\000n\000g\000\040\000p\000a\000u\000s\000e\000s}{section*.66}% 69
\BOOKMARK [2][-]{section*.70}{\376\377\000S\000t\000y\000l\000i\000n\000g\000\040\000t\000h\000e\000\040\000s\000l\000i\000d\000e\000s}{section*.66}% 70
\BOOKMARK [2][-]{section*.71}{\376\377\000S\000p\000e\000a\000k\000e\000r\000\040\000n\000o\000t\000e\000s}{section*.66}% 71
\BOOKMARK [1][-]{section*.72}{\376\377\000E\000P\000U\000B\000\040\000M\000e\000t\000a\000d\000a\000t\000a}{}% 72
\BOOKMARK [1][-]{section*.73}{\376\377\000L\000i\000t\000e\000r\000a\000t\000e\000\040\000H\000a\000s\000k\000e\000l\000l\000\040\000s\000u\000p\000p\000o\000r\000t}{}% 73
\BOOKMARK [1][-]{section*.74}{\376\377\000C\000u\000s\000t\000o\000m\000\040\000w\000r\000i\000t\000e\000r\000s}{}% 74
\BOOKMARK [1][-]{section*.75}{\376\377\000A\000u\000t\000h\000o\000r\000s}{}% 75
